# JRE version: OpenJDK Runtime Environment Temurin-21.0.5+11 (21.0.5+11) (build 21.0.5+11-LTS)
# Java VM: OpenJDK 64-Bit Server VM Temurin-21.0.5+11 (21.0.5+11-LTS, mixed mode, sharing, tiered, compressed oops, compressed class ptrs, g1 gc, windows-amd64)
GC Precious Log:
 CardTable entry size: 512
 Card Set container configuration: InlinePtr #cards 5 size 8 Array Of Cards #cards 12 size 40 Howl #buckets 4 coarsen threshold 1843 Howl Bitmap #cards 512 size 80 coarsen threshold 460 Card regions per heap region 1 cards per card region 2048
 CPUs: 12 total, 12 available
 Memory: 7532M
 Large Page Support: Disabled
 NUMA Support: Disabled
 Compressed Oops: Enabled (32-bit)
 Heap Region Size: 1M
 Heap Min Capacity: 8M
 Heap Initial Capacity: 118M
 Heap Max Capacity: 1884M
 Pre-touch: Disabled
 Parallel Workers: 10
 Concurrent Workers: 3
 Concurrent Refinement Workers: 10
 Periodic GC: Disabled
Heap:
 garbage-first heap   total 150528K, used 93913K [0x000000008a400000, 0x0000000100000000)
  region size 1024K, 37 young (37888K), 6 survivors (6144K)
 Metaspace       used 124148K, committed 125568K, reserved 1179648K
  class space    used 14206K, committed 14912K, reserved 1048576K
GC Heap History (20 events):
Event: 2325.825 GC heap after
{Heap after GC invocations=124 (full 13):
 garbage-first heap   total 150528K, used 60075K [0x000000008a400000, 0x0000000100000000)
  region size 1024K, 6 young (6144K), 6 survivors (6144K)
 Metaspace       used 119116K, committed 120512K, reserved 1179648K
  class space    used 13771K, committed 14528K, reserved 1048576K
}
Event: 2421.747 GC heap before
{Heap before GC invocations=124 (full 13):
 garbage-first heap   total 150528K, used 106155K [0x000000008a400000, 0x0000000100000000)
  region size 1024K, 53 young (54272K), 6 survivors (6144K)
 Metaspace       used 119186K, committed 120640K, reserved 1179648K
  class space    used 13777K, committed 14528K, reserved 1048576K
}
Event: 2421.852 GC heap after
{Heap after GC invocations=125 (full 14):
 garbage-first heap   total 150528K, used 50515K [0x000000008a400000, 0x0000000100000000)
  region size 1024K, 0 young (0K), 0 survivors (0K)
 Metaspace       used 119154K, committed 120640K, reserved 1179648K
  class space    used 13774K, committed 14528K, reserved 1048576K
}
Event: 2428.411 GC heap before
{Heap before GC invocations=125 (full 14):
 garbage-first heap   total 150528K, used 131411K [0x000000008a400000, 0x0000000100000000)
  region size 1024K, 80 young (81920K), 0 survivors (0K)
 Metaspace       used 119811K, committed 121152K, reserved 1179648K
  class space    used 13857K, committed 14528K, reserved 1048576K
}
Event: 2428.475 GC heap after
{Heap after GC invocations=126 (full 14):
 garbage-first heap   total 150528K, used 57003K [0x000000008a400000, 0x0000000100000000)
  region size 1024K, 7 young (7168K), 7 survivors (7168K)
 Metaspace       used 119811K, committed 121152K, reserved 1179648K
  class space    used 13857K, committed 14528K, reserved 1048576K
}
Event: 2446.118 GC heap before
{Heap before GC invocations=127 (full 14):
 garbage-first heap   total 150528K, used 109227K [0x000000008a400000, 0x0000000100000000)
  region size 1024K, 59 young (60416K), 7 survivors (7168K)
 Metaspace       used 120501K, committed 121856K, reserved 1179648K
  class space    used 13899K, committed 14528K, reserved 1048576K
}
Event: 2446.225 GC heap after
{Heap after GC invocations=128 (full 15):
 garbage-first heap   total 150528K, used 49737K [0x000000008a400000, 0x0000000100000000)
  region size 1024K, 0 young (0K), 0 survivors (0K)
 Metaspace       used 120479K, committed 121856K, reserved 1179648K
  class space    used 13897K, committed 14528K, reserved 1048576K
}
Event: 2452.664 GC heap before
{Heap before GC invocations=128 (full 15):
 garbage-first heap   total 150528K, used 130633K [0x000000008a400000, 0x0000000100000000)
  region size 1024K, 80 young (81920K), 0 survivors (0K)
 Metaspace       used 120970K, committed 122304K, reserved 1179648K
  class space    used 13953K, committed 14592K, reserved 1048576K
}
Event: 2452.670 GC heap after
{Heap after GC invocations=129 (full 15):
 garbage-first heap   total 150528K, used 56069K [0x000000008a400000, 0x0000000100000000)
  region size 1024K, 7 young (7168K), 7 survivors (7168K)
 Metaspace       used 120970K, committed 122304K, reserved 1179648K
  class space    used 13953K, committed 14592K, reserved 1048576K
}
Event: 2461.789 GC heap before
{Heap before GC invocations=130 (full 15):
 garbage-first heap   total 150528K, used 106245K [0x000000008a400000, 0x0000000100000000)
  region size 1024K, 57 young (58368K), 7 survivors (7168K)
 Metaspace       used 121659K, committed 123008K, reserved 1179648K
  class space    used 14000K, committed 14656K, reserved 1048576K
}
Event: 2461.875 GC heap after
{Heap after GC invocations=131 (full 16):
 garbage-first heap   total 150528K, used 50392K [0x000000008a400000, 0x0000000100000000)
  region size 1024K, 0 young (0K), 0 survivors (0K)
 Metaspace       used 121637K, committed 123008K, reserved 1179648K
  class space    used 13998K, committed 14656K, reserved 1048576K
}
Event: 2467.902 GC heap before
{Heap before GC invocations=131 (full 16):
 garbage-first heap   total 150528K, used 131288K [0x000000008a400000, 0x0000000100000000)
  region size 1024K, 80 young (81920K), 0 survivors (0K)
 Metaspace       used 122178K, committed 123520K, reserved 1179648K
  class space    used 14053K, committed 14720K, reserved 1048576K
}
Event: 2467.911 GC heap after
{Heap after GC invocations=132 (full 16):
 garbage-first heap   total 150528K, used 56536K [0x000000008a400000, 0x0000000100000000)
  region size 1024K, 6 young (6144K), 6 survivors (6144K)
 Metaspace       used 122178K, committed 123520K, reserved 1179648K
  class space    used 14053K, committed 14720K, reserved 1048576K
}
Event: 2490.913 GC heap before
{Heap before GC invocations=133 (full 16):
 garbage-first heap   total 150528K, used 119000K [0x000000008a400000, 0x0000000100000000)
  region size 1024K, 68 young (69632K), 6 survivors (6144K)
 Metaspace       used 122863K, committed 124224K, reserved 1179648K
  class space    used 14100K, committed 14784K, reserved 1048576K
}
Event: 2491.075 GC heap after
{Heap after GC invocations=134 (full 17):
 garbage-first heap   total 150528K, used 52656K [0x000000008a400000, 0x0000000100000000)
  region size 1024K, 0 young (0K), 0 survivors (0K)
 Metaspace       used 122840K, committed 124224K, reserved 1179648K
  class space    used 14098K, committed 14784K, reserved 1048576K
}
Event: 2493.802 GC heap before
{Heap before GC invocations=134 (full 17):
 garbage-first heap   total 150528K, used 132528K [0x000000008a400000, 0x0000000100000000)
  region size 1024K, 78 young (79872K), 0 survivors (0K)
 Metaspace       used 123384K, committed 124800K, reserved 1179648K
  class space    used 14154K, committed 14848K, reserved 1048576K
}
Event: 2493.808 GC heap after
{Heap after GC invocations=135 (full 17):
 garbage-first heap   total 150528K, used 58748K [0x000000008a400000, 0x0000000100000000)
  region size 1024K, 6 young (6144K), 6 survivors (6144K)
 Metaspace       used 123384K, committed 124800K, reserved 1179648K
  class space    used 14154K, committed 14848K, reserved 1048576K
}
Event: 2548.288 GC heap before
{Heap before GC invocations=136 (full 17):
 garbage-first heap   total 150528K, used 133500K [0x000000008a400000, 0x0000000100000000)
  region size 1024K, 79 young (80896K), 6 survivors (6144K)
 Metaspace       used 124140K, committed 125568K, reserved 1179648K
  class space    used 14205K, committed 14912K, reserved 1048576K
}
Event: 2548.299 GC heap after
{Heap after GC invocations=137 (full 17):
 garbage-first heap   total 150528K, used 62711K [0x000000008a400000, 0x0000000100000000)
  region size 1024K, 6 young (6144K), 6 survivors (6144K)
 Metaspace       used 124140K, committed 125568K, reserved 1179648K
  class space    used 14205K, committed 14912K, reserved 1048576K
}
Event: 2623.586 GC heap before
{Heap before GC invocations=137 (full 17):
 garbage-first heap   total 150528K, used 93431K [0x000000008a400000, 0x0000000100000000)
  region size 1024K, 37 young (37888K), 6 survivors (6144K)
 Metaspace       used 124148K, committed 125568K, reserved 1179648K
  class space    used 14206K, committed 14912K, reserved 1048576K
}

